{"C:\\Users\\Jeanne\\Desktop\\ATLP\\node-endpoints-ft-node-endpoints\\index.js": {"path":"C:\\Users\\Jeanne\\Desktop\\ATLP\\node-endpoints-ft-node-endpoints\\index.js","statementMap":{"0":{"start":{"line":10,"column":13},"end":{"line":10,"column":37}},"1":{"start":{"line":11,"column":12},"end":{"line":11,"column":21}},"2":{"start":{"line":12,"column":0},"end":{"line":16,"column":2}},"3":{"start":{"line":17,"column":0},"end":{"line":24,"column":2}},"4":{"start":{"line":25,"column":0},"end":{"line":25,"column":31}},"5":{"start":{"line":26,"column":0},"end":{"line":26,"column":28}},"6":{"start":{"line":27,"column":0},"end":{"line":27,"column":29}},"7":{"start":{"line":28,"column":0},"end":{"line":28,"column":49}},"8":{"start":{"line":29,"column":0},"end":{"line":29,"column":29}},"9":{"start":{"line":30,"column":0},"end":{"line":30,"column":28}},"10":{"start":{"line":31,"column":0},"end":{"line":31,"column":38}},"11":{"start":{"line":32,"column":0},"end":{"line":38,"column":3}},"12":{"start":{"line":33,"column":2},"end":{"line":37,"column":5}},"13":{"start":{"line":39,"column":0},"end":{"line":41,"column":3}},"14":{"start":{"line":40,"column":2},"end":{"line":40,"column":65}},"15":{"start":{"line":42,"column":0},"end":{"line":54,"column":1}},"16":{"start":{"line":43,"column":2},"end":{"line":43,"column":37}},"17":{"start":{"line":44,"column":2},"end":{"line":53,"column":7}},"18":{"start":{"line":49,"column":6},"end":{"line":49,"column":34}},"19":{"start":{"line":52,"column":6},"end":{"line":52,"column":25}}},"fnMap":{"0":{"name":"(anonymous_0)","decl":{"start":{"line":32,"column":13},"end":{"line":32,"column":14}},"loc":{"start":{"line":32,"column":27},"end":{"line":38,"column":1}},"line":32},"1":{"name":"(anonymous_1)","decl":{"start":{"line":39,"column":22},"end":{"line":39,"column":23}},"loc":{"start":{"line":39,"column":28},"end":{"line":41,"column":1}},"line":39},"2":{"name":"(anonymous_2)","decl":{"start":{"line":48,"column":10},"end":{"line":48,"column":11}},"loc":{"start":{"line":48,"column":16},"end":{"line":50,"column":5}},"line":48},"3":{"name":"(anonymous_3)","decl":{"start":{"line":51,"column":11},"end":{"line":51,"column":12}},"loc":{"start":{"line":51,"column":22},"end":{"line":53,"column":5}},"line":51}},"branchMap":{"0":{"loc":{"start":{"line":10,"column":13},"end":{"line":10,"column":37}},"type":"binary-expr","locations":[{"start":{"line":10,"column":13},"end":{"line":10,"column":29}},{"start":{"line":10,"column":33},"end":{"line":10,"column":37}}],"line":10},"1":{"loc":{"start":{"line":42,"column":0},"end":{"line":54,"column":1}},"type":"if","locations":[{"start":{"line":42,"column":0},"end":{"line":54,"column":1}},{"start":{},"end":{}}],"line":42}},"s":{"0":1,"1":1,"2":1,"3":1,"4":1,"5":1,"6":1,"7":1,"8":1,"9":1,"10":1,"11":1,"12":0,"13":1,"14":0,"15":1,"16":0,"17":0,"18":0,"19":0},"f":{"0":0,"1":0,"2":0,"3":0},"b":{"0":[1,1],"1":[0,1]},"_coverageSchema":"1a1c01bbd47fc00a2c39e90264f33305004495a9","hash":"71016de7972c9816de9dc83d01fd2f8f7af8f95c"}
,"C:\\Users\\Jeanne\\Desktop\\ATLP\\node-endpoints-ft-node-endpoints\\configuration\\passport.js": {"path":"C:\\Users\\Jeanne\\Desktop\\ATLP\\node-endpoints-ft-node-endpoints\\configuration\\passport.js","statementMap":{"0":{"start":{"line":3,"column":22},"end":{"line":3,"column":44}},"1":{"start":{"line":7,"column":21},"end":{"line":38,"column":1}},"2":{"start":{"line":8,"column":2},"end":{"line":28,"column":4}},"3":{"start":{"line":16,"column":21},"end":{"line":16,"column":57}},"4":{"start":{"line":17,"column":8},"end":{"line":17,"column":44}},"5":{"start":{"line":17,"column":19},"end":{"line":17,"column":44}},"6":{"start":{"line":19,"column":20},"end":{"line":19,"column":65}},"7":{"start":{"line":20,"column":8},"end":{"line":20,"column":45}},"8":{"start":{"line":20,"column":20},"end":{"line":20,"column":45}},"9":{"start":{"line":22,"column":8},"end":{"line":22,"column":32}},"10":{"start":{"line":26,"column":6},"end":{"line":26,"column":26}},"11":{"start":{"line":30,"column":2},"end":{"line":37,"column":5}},"12":{"start":{"line":31,"column":4},"end":{"line":36,"column":5}},"13":{"start":{"line":32,"column":19},"end":{"line":32,"column":42}},"14":{"start":{"line":33,"column":6},"end":{"line":33,"column":23}},"15":{"start":{"line":35,"column":6},"end":{"line":35,"column":18}}},"fnMap":{"0":{"name":"(anonymous_0)","decl":{"start":{"line":7,"column":21},"end":{"line":7,"column":22}},"loc":{"start":{"line":7,"column":35},"end":{"line":38,"column":1}},"line":7},"1":{"name":"(anonymous_1)","decl":{"start":{"line":15,"column":6},"end":{"line":15,"column":7}},"loc":{"start":{"line":15,"column":39},"end":{"line":23,"column":7}},"line":15},"2":{"name":"(anonymous_2)","decl":{"start":{"line":25,"column":27},"end":{"line":25,"column":28}},"loc":{"start":{"line":25,"column":43},"end":{"line":27,"column":5}},"line":25},"3":{"name":"(anonymous_3)","decl":{"start":{"line":30,"column":27},"end":{"line":30,"column":28}},"loc":{"start":{"line":30,"column":47},"end":{"line":37,"column":3}},"line":30}},"branchMap":{"0":{"loc":{"start":{"line":17,"column":8},"end":{"line":17,"column":44}},"type":"if","locations":[{"start":{"line":17,"column":8},"end":{"line":17,"column":44}},{"start":{},"end":{}}],"line":17},"1":{"loc":{"start":{"line":20,"column":8},"end":{"line":20,"column":45}},"type":"if","locations":[{"start":{"line":20,"column":8},"end":{"line":20,"column":45}},{"start":{},"end":{}}],"line":20}},"s":{"0":1,"1":1,"2":1,"3":3,"4":3,"5":0,"6":3,"7":3,"8":0,"9":3,"10":0,"11":1,"12":0,"13":0,"14":0,"15":0},"f":{"0":1,"1":3,"2":0,"3":0},"b":{"0":[0,3],"1":[0,3]},"_coverageSchema":"1a1c01bbd47fc00a2c39e90264f33305004495a9","hash":"2b7819e01b12a8630521a9ba0f732ee7aab7dbe7"}
,"C:\\Users\\Jeanne\\Desktop\\ATLP\\node-endpoints-ft-node-endpoints\\controllers\\auth.controller.js": {"path":"C:\\Users\\Jeanne\\Desktop\\ATLP\\node-endpoints-ft-node-endpoints\\controllers\\auth.controller.js","statementMap":{"0":{"start":{"line":9,"column":22},"end":{"line":27,"column":1}},"1":{"start":{"line":10,"column":40},"end":{"line":10,"column":48}},"2":{"start":{"line":12,"column":2},"end":{"line":26,"column":3}},"3":{"start":{"line":13,"column":22},"end":{"line":13,"column":53}},"4":{"start":{"line":14,"column":4},"end":{"line":17,"column":79}},"5":{"start":{"line":15,"column":6},"end":{"line":17,"column":79}},"6":{"start":{"line":19,"column":20},"end":{"line":19,"column":73}},"7":{"start":{"line":21,"column":4},"end":{"line":21,"column":72}},"8":{"start":{"line":23,"column":4},"end":{"line":25,"column":74}},"9":{"start":{"line":29,"column":17},"end":{"line":38,"column":1}},"10":{"start":{"line":30,"column":2},"end":{"line":37,"column":3}},"11":{"start":{"line":31,"column":18},"end":{"line":31,"column":44}},"12":{"start":{"line":32,"column":4},"end":{"line":32,"column":70}},"13":{"start":{"line":34,"column":4},"end":{"line":36,"column":74}},"14":{"start":{"line":40,"column":14},"end":{"line":77,"column":1}},"15":{"start":{"line":41,"column":2},"end":{"line":76,"column":3}},"16":{"start":{"line":42,"column":32},"end":{"line":42,"column":40}},"17":{"start":{"line":43,"column":22},"end":{"line":43,"column":53}},"18":{"start":{"line":44,"column":4},"end":{"line":71,"column":5}},"19":{"start":{"line":45,"column":6},"end":{"line":49,"column":9}},"20":{"start":{"line":51,"column":22},"end":{"line":51,"column":63}},"21":{"start":{"line":52,"column":6},"end":{"line":70,"column":7}},"22":{"start":{"line":53,"column":8},"end":{"line":57,"column":11}},"23":{"start":{"line":59,"column":24},"end":{"line":64,"column":9}},"24":{"start":{"line":65,"column":24},"end":{"line":67,"column":9}},"25":{"start":{"line":68,"column":22},"end":{"line":68,"column":77}},"26":{"start":{"line":69,"column":8},"end":{"line":69,"column":75}},"27":{"start":{"line":73,"column":4},"end":{"line":75,"column":72}}},"fnMap":{"0":{"name":"(anonymous_0)","decl":{"start":{"line":9,"column":22},"end":{"line":9,"column":23}},"loc":{"start":{"line":9,"column":42},"end":{"line":27,"column":1}},"line":9},"1":{"name":"(anonymous_1)","decl":{"start":{"line":29,"column":17},"end":{"line":29,"column":18}},"loc":{"start":{"line":29,"column":37},"end":{"line":38,"column":1}},"line":29},"2":{"name":"(anonymous_2)","decl":{"start":{"line":40,"column":14},"end":{"line":40,"column":15}},"loc":{"start":{"line":40,"column":34},"end":{"line":77,"column":1}},"line":40}},"branchMap":{"0":{"loc":{"start":{"line":14,"column":4},"end":{"line":17,"column":79}},"type":"if","locations":[{"start":{"line":14,"column":4},"end":{"line":17,"column":79}},{"start":{},"end":{}}],"line":14},"1":{"loc":{"start":{"line":44,"column":4},"end":{"line":71,"column":5}},"type":"if","locations":[{"start":{"line":44,"column":4},"end":{"line":71,"column":5}},{"start":{"line":50,"column":11},"end":{"line":71,"column":5}}],"line":44},"2":{"loc":{"start":{"line":52,"column":6},"end":{"line":70,"column":7}},"type":"if","locations":[{"start":{"line":52,"column":6},"end":{"line":70,"column":7}},{"start":{"line":58,"column":13},"end":{"line":70,"column":7}}],"line":52}},"s":{"0":1,"1":0,"2":0,"3":0,"4":0,"5":0,"6":0,"7":0,"8":0,"9":1,"10":0,"11":0,"12":0,"13":0,"14":1,"15":3,"16":3,"17":3,"18":3,"19":0,"20":3,"21":3,"22":0,"23":3,"24":3,"25":3,"26":3,"27":0},"f":{"0":0,"1":0,"2":3},"b":{"0":[0,0],"1":[0,3],"2":[0,3]},"_coverageSchema":"1a1c01bbd47fc00a2c39e90264f33305004495a9","hash":"cd47d28cb54ad9c565b09412b5a2df5750d34526"}
,"C:\\Users\\Jeanne\\Desktop\\ATLP\\node-endpoints-ft-node-endpoints\\controllers\\blog.controller.js": {"path":"C:\\Users\\Jeanne\\Desktop\\ATLP\\node-endpoints-ft-node-endpoints\\controllers\\blog.controller.js","statementMap":{"0":{"start":{"line":4,"column":20},"end":{"line":7,"column":1}},"1":{"start":{"line":5,"column":16},"end":{"line":5,"column":38}},"2":{"start":{"line":6,"column":2},"end":{"line":6,"column":68}},"3":{"start":{"line":9,"column":28},"end":{"line":35,"column":1}},"4":{"start":{"line":10,"column":2},"end":{"line":34,"column":3}},"5":{"start":{"line":11,"column":17},"end":{"line":11,"column":40}},"6":{"start":{"line":12,"column":4},"end":{"line":12,"column":22}},"7":{"start":{"line":13,"column":4},"end":{"line":20,"column":5}},"8":{"start":{"line":14,"column":21},"end":{"line":17,"column":8}},"9":{"start":{"line":18,"column":6},"end":{"line":18,"column":30}},"10":{"start":{"line":19,"column":6},"end":{"line":19,"column":24}},"11":{"start":{"line":22,"column":4},"end":{"line":26,"column":7}},"12":{"start":{"line":28,"column":4},"end":{"line":32,"column":7}},"13":{"start":{"line":33,"column":4},"end":{"line":33,"column":64}},"14":{"start":{"line":37,"column":18},"end":{"line":47,"column":1}},"15":{"start":{"line":38,"column":2},"end":{"line":46,"column":3}},"16":{"start":{"line":39,"column":17},"end":{"line":39,"column":64}},"17":{"start":{"line":41,"column":4},"end":{"line":41,"column":19}},"18":{"start":{"line":43,"column":4},"end":{"line":45,"column":76}},"19":{"start":{"line":49,"column":19},"end":{"line":79,"column":1}},"20":{"start":{"line":50,"column":2},"end":{"line":78,"column":3}},"21":{"start":{"line":51,"column":17},"end":{"line":51,"column":64}},"22":{"start":{"line":53,"column":4},"end":{"line":55,"column":5}},"23":{"start":{"line":54,"column":6},"end":{"line":54,"column":34}},"24":{"start":{"line":56,"column":4},"end":{"line":58,"column":5}},"25":{"start":{"line":57,"column":6},"end":{"line":57,"column":38}},"26":{"start":{"line":59,"column":4},"end":{"line":66,"column":5}},"27":{"start":{"line":60,"column":6},"end":{"line":60,"column":33}},"28":{"start":{"line":61,"column":21},"end":{"line":64,"column":8}},"29":{"start":{"line":65,"column":6},"end":{"line":65,"column":30}},"30":{"start":{"line":67,"column":4},"end":{"line":67,"column":22}},"31":{"start":{"line":68,"column":4},"end":{"line":73,"column":7}},"32":{"start":{"line":75,"column":4},"end":{"line":77,"column":76}},"33":{"start":{"line":81,"column":19},"end":{"line":102,"column":1}},"34":{"start":{"line":82,"column":2},"end":{"line":101,"column":3}},"35":{"start":{"line":83,"column":19},"end":{"line":83,"column":68}},"36":{"start":{"line":84,"column":4},"end":{"line":94,"column":5}},"37":{"start":{"line":85,"column":6},"end":{"line":89,"column":9}},"38":{"start":{"line":91,"column":6},"end":{"line":93,"column":79}},"39":{"start":{"line":96,"column":4},"end":{"line":98,"column":77}},"40":{"start":{"line":104,"column":19},"end":{"line":132,"column":1}},"41":{"start":{"line":105,"column":2},"end":{"line":131,"column":3}},"42":{"start":{"line":106,"column":17},"end":{"line":106,"column":64}},"43":{"start":{"line":113,"column":4},"end":{"line":116,"column":6}},"44":{"start":{"line":117,"column":4},"end":{"line":117,"column":16}},"45":{"start":{"line":118,"column":4},"end":{"line":122,"column":7}},"46":{"start":{"line":125,"column":4},"end":{"line":129,"column":7}},"47":{"start":{"line":133,"column":20},"end":{"line":150,"column":1}},"48":{"start":{"line":134,"column":2},"end":{"line":149,"column":3}},"49":{"start":{"line":135,"column":17},"end":{"line":142,"column":74}},"50":{"start":{"line":144,"column":4},"end":{"line":144,"column":78}},"51":{"start":{"line":146,"column":4},"end":{"line":148,"column":76}},"52":{"start":{"line":151,"column":13},"end":{"line":181,"column":1}},"53":{"start":{"line":152,"column":2},"end":{"line":180,"column":3}},"54":{"start":{"line":153,"column":17},"end":{"line":153,"column":56}},"55":{"start":{"line":156,"column":25},"end":{"line":158,"column":5}},"56":{"start":{"line":157,"column":16},"end":{"line":157,"column":64}},"57":{"start":{"line":160,"column":4},"end":{"line":169,"column":5}},"58":{"start":{"line":161,"column":6},"end":{"line":163,"column":8}},"59":{"start":{"line":162,"column":18},"end":{"line":162,"column":66}},"60":{"start":{"line":165,"column":6},"end":{"line":168,"column":9}},"61":{"start":{"line":170,"column":4},"end":{"line":170,"column":22}},"62":{"start":{"line":171,"column":4},"end":{"line":175,"column":7}},"63":{"start":{"line":177,"column":4},"end":{"line":179,"column":77}},"64":{"start":{"line":182,"column":21},"end":{"line":196,"column":1}},"65":{"start":{"line":183,"column":2},"end":{"line":195,"column":3}},"66":{"start":{"line":184,"column":17},"end":{"line":184,"column":64}},"67":{"start":{"line":186,"column":4},"end":{"line":190,"column":7}},"68":{"start":{"line":192,"column":4},"end":{"line":194,"column":76}}},"fnMap":{"0":{"name":"(anonymous_0)","decl":{"start":{"line":4,"column":20},"end":{"line":4,"column":21}},"loc":{"start":{"line":4,"column":40},"end":{"line":7,"column":1}},"line":4},"1":{"name":"(anonymous_1)","decl":{"start":{"line":9,"column":28},"end":{"line":9,"column":29}},"loc":{"start":{"line":9,"column":48},"end":{"line":35,"column":1}},"line":9},"2":{"name":"(anonymous_2)","decl":{"start":{"line":37,"column":18},"end":{"line":37,"column":19}},"loc":{"start":{"line":37,"column":38},"end":{"line":47,"column":1}},"line":37},"3":{"name":"(anonymous_3)","decl":{"start":{"line":49,"column":19},"end":{"line":49,"column":20}},"loc":{"start":{"line":49,"column":39},"end":{"line":79,"column":1}},"line":49},"4":{"name":"(anonymous_4)","decl":{"start":{"line":81,"column":19},"end":{"line":81,"column":20}},"loc":{"start":{"line":81,"column":39},"end":{"line":102,"column":1}},"line":81},"5":{"name":"(anonymous_5)","decl":{"start":{"line":104,"column":19},"end":{"line":104,"column":20}},"loc":{"start":{"line":104,"column":39},"end":{"line":132,"column":1}},"line":104},"6":{"name":"(anonymous_6)","decl":{"start":{"line":133,"column":20},"end":{"line":133,"column":21}},"loc":{"start":{"line":133,"column":40},"end":{"line":150,"column":1}},"line":133},"7":{"name":"(anonymous_7)","decl":{"start":{"line":151,"column":13},"end":{"line":151,"column":14}},"loc":{"start":{"line":151,"column":33},"end":{"line":181,"column":1}},"line":151},"8":{"name":"(anonymous_8)","decl":{"start":{"line":157,"column":6},"end":{"line":157,"column":7}},"loc":{"start":{"line":157,"column":16},"end":{"line":157,"column":64}},"line":157},"9":{"name":"(anonymous_9)","decl":{"start":{"line":162,"column":8},"end":{"line":162,"column":9}},"loc":{"start":{"line":162,"column":18},"end":{"line":162,"column":66}},"line":162},"10":{"name":"(anonymous_10)","decl":{"start":{"line":182,"column":21},"end":{"line":182,"column":22}},"loc":{"start":{"line":182,"column":41},"end":{"line":196,"column":1}},"line":182}},"branchMap":{"0":{"loc":{"start":{"line":13,"column":4},"end":{"line":20,"column":5}},"type":"if","locations":[{"start":{"line":13,"column":4},"end":{"line":20,"column":5}},{"start":{},"end":{}}],"line":13},"1":{"loc":{"start":{"line":53,"column":4},"end":{"line":55,"column":5}},"type":"if","locations":[{"start":{"line":53,"column":4},"end":{"line":55,"column":5}},{"start":{},"end":{}}],"line":53},"2":{"loc":{"start":{"line":56,"column":4},"end":{"line":58,"column":5}},"type":"if","locations":[{"start":{"line":56,"column":4},"end":{"line":58,"column":5}},{"start":{},"end":{}}],"line":56},"3":{"loc":{"start":{"line":59,"column":4},"end":{"line":66,"column":5}},"type":"if","locations":[{"start":{"line":59,"column":4},"end":{"line":66,"column":5}},{"start":{},"end":{}}],"line":59},"4":{"loc":{"start":{"line":84,"column":4},"end":{"line":94,"column":5}},"type":"if","locations":[{"start":{"line":84,"column":4},"end":{"line":94,"column":5}},{"start":{"line":90,"column":11},"end":{"line":94,"column":5}}],"line":84},"5":{"loc":{"start":{"line":160,"column":4},"end":{"line":169,"column":5}},"type":"if","locations":[{"start":{"line":160,"column":4},"end":{"line":169,"column":5}},{"start":{"line":164,"column":11},"end":{"line":169,"column":5}}],"line":160}},"s":{"0":1,"1":3,"2":2,"3":1,"4":0,"5":0,"6":0,"7":0,"8":0,"9":0,"10":0,"11":0,"12":0,"13":0,"14":1,"15":0,"16":0,"17":0,"18":0,"19":1,"20":1,"21":1,"22":1,"23":1,"24":1,"25":1,"26":1,"27":0,"28":0,"29":0,"30":1,"31":1,"32":0,"33":1,"34":1,"35":1,"36":0,"37":0,"38":0,"39":1,"40":1,"41":1,"42":1,"43":1,"44":1,"45":1,"46":0,"47":1,"48":0,"49":0,"50":0,"51":0,"52":1,"53":0,"54":0,"55":0,"56":0,"57":0,"58":0,"59":0,"60":0,"61":0,"62":0,"63":0,"64":1,"65":1,"66":1,"67":0,"68":1},"f":{"0":3,"1":0,"2":0,"3":1,"4":1,"5":1,"6":0,"7":0,"8":0,"9":0,"10":1},"b":{"0":[0,0],"1":[1,0],"2":[1,0],"3":[0,1],"4":[0,0],"5":[0,0]},"_coverageSchema":"1a1c01bbd47fc00a2c39e90264f33305004495a9","hash":"7bbf27ca73c19ee750bc9aea50a70d87e6c9a43a"}
,"C:\\Users\\Jeanne\\Desktop\\ATLP\\node-endpoints-ft-node-endpoints\\controllers\\query.controller.js": {"path":"C:\\Users\\Jeanne\\Desktop\\ATLP\\node-endpoints-ft-node-endpoints\\controllers\\query.controller.js","statementMap":{"0":{"start":{"line":3,"column":22},"end":{"line":6,"column":1}},"1":{"start":{"line":4,"column":18},"end":{"line":4,"column":41}},"2":{"start":{"line":5,"column":2},"end":{"line":5,"column":20}},"3":{"start":{"line":8,"column":18},"end":{"line":16,"column":1}},"4":{"start":{"line":9,"column":16},"end":{"line":13,"column":4}},"5":{"start":{"line":14,"column":2},"end":{"line":14,"column":21}},"6":{"start":{"line":15,"column":2},"end":{"line":15,"column":18}}},"fnMap":{"0":{"name":"(anonymous_0)","decl":{"start":{"line":3,"column":22},"end":{"line":3,"column":23}},"loc":{"start":{"line":3,"column":42},"end":{"line":6,"column":1}},"line":3},"1":{"name":"(anonymous_1)","decl":{"start":{"line":8,"column":18},"end":{"line":8,"column":19}},"loc":{"start":{"line":8,"column":38},"end":{"line":16,"column":1}},"line":8}},"branchMap":{},"s":{"0":1,"1":0,"2":0,"3":1,"4":0,"5":0,"6":0},"f":{"0":0,"1":0},"b":{},"_coverageSchema":"1a1c01bbd47fc00a2c39e90264f33305004495a9","hash":"4fbfc266c53ae084203e983a6548b28c94fb12b3"}
,"C:\\Users\\Jeanne\\Desktop\\ATLP\\node-endpoints-ft-node-endpoints\\helpers\\imageUpload.js": {"path":"C:\\Users\\Jeanne\\Desktop\\ATLP\\node-endpoints-ft-node-endpoints\\helpers\\imageUpload.js","statementMap":{"0":{"start":{"line":3,"column":0},"end":{"line":3,"column":16}},"1":{"start":{"line":5,"column":0},"end":{"line":9,"column":3}}},"fnMap":{},"branchMap":{},"s":{"0":1,"1":1},"f":{},"b":{},"_coverageSchema":"1a1c01bbd47fc00a2c39e90264f33305004495a9","hash":"d2f81d10ee3a4706ea321dce9116efa1c7ae3697"}
,"C:\\Users\\Jeanne\\Desktop\\ATLP\\node-endpoints-ft-node-endpoints\\middleware\\authentication\\auth.middleware.js": {"path":"C:\\Users\\Jeanne\\Desktop\\ATLP\\node-endpoints-ft-node-endpoints\\middleware\\authentication\\auth.middleware.js","statementMap":{"0":{"start":{"line":4,"column":19},"end":{"line":35,"column":1}},"1":{"start":{"line":5,"column":2},"end":{"line":34,"column":3}},"2":{"start":{"line":6,"column":18},"end":{"line":6,"column":57}},"3":{"start":{"line":7,"column":4},"end":{"line":27,"column":5}},"4":{"start":{"line":8,"column":26},"end":{"line":8,"column":72}},"5":{"start":{"line":10,"column":26},"end":{"line":10,"column":69}},"6":{"start":{"line":11,"column":6},"end":{"line":20,"column":7}},"7":{"start":{"line":12,"column":8},"end":{"line":16,"column":11}},"8":{"start":{"line":18,"column":8},"end":{"line":18,"column":31}},"9":{"start":{"line":19,"column":8},"end":{"line":19,"column":15}},"10":{"start":{"line":22,"column":6},"end":{"line":26,"column":9}},"11":{"start":{"line":29,"column":4},"end":{"line":33,"column":7}},"12":{"start":{"line":36,"column":16},"end":{"line":54,"column":1}},"13":{"start":{"line":37,"column":2},"end":{"line":53,"column":3}},"14":{"start":{"line":38,"column":4},"end":{"line":46,"column":5}},"15":{"start":{"line":39,"column":6},"end":{"line":39,"column":13}},"16":{"start":{"line":41,"column":6},"end":{"line":45,"column":9}},"17":{"start":{"line":48,"column":4},"end":{"line":52,"column":7}}},"fnMap":{"0":{"name":"(anonymous_0)","decl":{"start":{"line":4,"column":19},"end":{"line":4,"column":20}},"loc":{"start":{"line":4,"column":45},"end":{"line":35,"column":1}},"line":4},"1":{"name":"(anonymous_1)","decl":{"start":{"line":36,"column":16},"end":{"line":36,"column":17}},"loc":{"start":{"line":36,"column":36},"end":{"line":54,"column":1}},"line":36}},"branchMap":{"0":{"loc":{"start":{"line":5,"column":2},"end":{"line":34,"column":3}},"type":"if","locations":[{"start":{"line":5,"column":2},"end":{"line":34,"column":3}},{"start":{"line":28,"column":9},"end":{"line":34,"column":3}}],"line":5},"1":{"loc":{"start":{"line":11,"column":6},"end":{"line":20,"column":7}},"type":"if","locations":[{"start":{"line":11,"column":6},"end":{"line":20,"column":7}},{"start":{"line":17,"column":13},"end":{"line":20,"column":7}}],"line":11},"2":{"loc":{"start":{"line":38,"column":4},"end":{"line":46,"column":5}},"type":"if","locations":[{"start":{"line":38,"column":4},"end":{"line":46,"column":5}},{"start":{"line":40,"column":11},"end":{"line":46,"column":5}}],"line":38}},"s":{"0":1,"1":5,"2":3,"3":3,"4":3,"5":3,"6":3,"7":0,"8":3,"9":3,"10":0,"11":2,"12":1,"13":2,"14":2,"15":2,"16":0,"17":0},"f":{"0":5,"1":2},"b":{"0":[3,2],"1":[0,3],"2":[2,0]},"_coverageSchema":"1a1c01bbd47fc00a2c39e90264f33305004495a9","hash":"2fa2747f91d6da315194add014c0350fb30f0715"}
,"C:\\Users\\Jeanne\\Desktop\\ATLP\\node-endpoints-ft-node-endpoints\\middleware\\validation\\validation.js": {"path":"C:\\Users\\Jeanne\\Desktop\\ATLP\\node-endpoints-ft-node-endpoints\\middleware\\validation\\validation.js","statementMap":{"0":{"start":{"line":3,"column":27},"end":{"line":6,"column":2}},"1":{"start":{"line":7,"column":22},"end":{"line":11,"column":2}},"2":{"start":{"line":12,"column":27},"end":{"line":16,"column":2}},"3":{"start":{"line":17,"column":23},"end":{"line":19,"column":2}}},"fnMap":{},"branchMap":{},"s":{"0":1,"1":1,"2":1,"3":1},"f":{},"b":{},"_coverageSchema":"1a1c01bbd47fc00a2c39e90264f33305004495a9","hash":"ec961e38e4b361aec1da05d71f681a1ad65974c9"}
,"C:\\Users\\Jeanne\\Desktop\\ATLP\\node-endpoints-ft-node-endpoints\\middleware\\validation\\validation.middleware.js": {"path":"C:\\Users\\Jeanne\\Desktop\\ATLP\\node-endpoints-ft-node-endpoints\\middleware\\validation\\validation.middleware.js","statementMap":{"0":{"start":{"line":1,"column":17},"end":{"line":8,"column":1}},"1":{"start":{"line":1,"column":29},"end":{"line":8,"column":1}},"2":{"start":{"line":2,"column":20},"end":{"line":2,"column":45}},"3":{"start":{"line":3,"column":2},"end":{"line":7,"column":3}},"4":{"start":{"line":4,"column":4},"end":{"line":4,"column":64}},"5":{"start":{"line":6,"column":4},"end":{"line":6,"column":11}}},"fnMap":{"0":{"name":"(anonymous_0)","decl":{"start":{"line":1,"column":17},"end":{"line":1,"column":18}},"loc":{"start":{"line":1,"column":29},"end":{"line":8,"column":1}},"line":1},"1":{"name":"(anonymous_1)","decl":{"start":{"line":1,"column":29},"end":{"line":1,"column":30}},"loc":{"start":{"line":1,"column":49},"end":{"line":8,"column":1}},"line":1}},"branchMap":{"0":{"loc":{"start":{"line":3,"column":2},"end":{"line":7,"column":3}},"type":"if","locations":[{"start":{"line":3,"column":2},"end":{"line":7,"column":3}},{"start":{"line":5,"column":9},"end":{"line":7,"column":3}}],"line":3}},"s":{"0":1,"1":4,"2":1,"3":1,"4":0,"5":1},"f":{"0":4,"1":1},"b":{"0":[0,1]},"_coverageSchema":"1a1c01bbd47fc00a2c39e90264f33305004495a9","hash":"1433cd09c942807613959d3ca47d5b02635c03e8"}
,"C:\\Users\\Jeanne\\Desktop\\ATLP\\node-endpoints-ft-node-endpoints\\models\\Blogs.model.js": {"path":"C:\\Users\\Jeanne\\Desktop\\ATLP\\node-endpoints-ft-node-endpoints\\models\\Blogs.model.js","statementMap":{"0":{"start":{"line":5,"column":15},"end":{"line":25,"column":1}},"1":{"start":{"line":27,"column":18},"end":{"line":27,"column":48}}},"fnMap":{},"branchMap":{},"s":{"0":1,"1":1},"f":{},"b":{},"_coverageSchema":"1a1c01bbd47fc00a2c39e90264f33305004495a9","hash":"b6e00973e7d8ac56b97970522070c667c7d96536"}
,"C:\\Users\\Jeanne\\Desktop\\ATLP\\node-endpoints-ft-node-endpoints\\models\\Queries.model.js": {"path":"C:\\Users\\Jeanne\\Desktop\\ATLP\\node-endpoints-ft-node-endpoints\\models\\Queries.model.js","statementMap":{"0":{"start":{"line":3,"column":15},"end":{"line":21,"column":1}},"1":{"start":{"line":23,"column":19},"end":{"line":23,"column":50}}},"fnMap":{},"branchMap":{},"s":{"0":1,"1":1},"f":{},"b":{},"_coverageSchema":"1a1c01bbd47fc00a2c39e90264f33305004495a9","hash":"f21aafdd144c887ebbc0025bee44554c4c856e66"}
,"C:\\Users\\Jeanne\\Desktop\\ATLP\\node-endpoints-ft-node-endpoints\\models\\comments.model.js": {"path":"C:\\Users\\Jeanne\\Desktop\\ATLP\\node-endpoints-ft-node-endpoints\\models\\comments.model.js","statementMap":{"0":{"start":{"line":3,"column":15},"end":{"line":21,"column":1}}},"fnMap":{},"branchMap":{},"s":{"0":1},"f":{},"b":{},"_coverageSchema":"1a1c01bbd47fc00a2c39e90264f33305004495a9","hash":"ce692938e3e6110a29d0ebb5b3b6bc34b724038f"}
,"C:\\Users\\Jeanne\\Desktop\\ATLP\\node-endpoints-ft-node-endpoints\\models\\likes.model.js": {"path":"C:\\Users\\Jeanne\\Desktop\\ATLP\\node-endpoints-ft-node-endpoints\\models\\likes.model.js","statementMap":{"0":{"start":{"line":3,"column":15},"end":{"line":17,"column":1}}},"fnMap":{},"branchMap":{},"s":{"0":1},"f":{},"b":{},"_coverageSchema":"1a1c01bbd47fc00a2c39e90264f33305004495a9","hash":"1ec00d2485e9772253e03f55d3d5047bb6001a5b"}
,"C:\\Users\\Jeanne\\Desktop\\ATLP\\node-endpoints-ft-node-endpoints\\models\\users.model.js": {"path":"C:\\Users\\Jeanne\\Desktop\\ATLP\\node-endpoints-ft-node-endpoints\\models\\users.model.js","statementMap":{"0":{"start":{"line":4,"column":15},"end":{"line":26,"column":1}},"1":{"start":{"line":27,"column":0},"end":{"line":36,"column":3}},"2":{"start":{"line":28,"column":2},"end":{"line":35,"column":3}},"3":{"start":{"line":29,"column":4},"end":{"line":34,"column":7}},"4":{"start":{"line":30,"column":6},"end":{"line":30,"column":32}},"5":{"start":{"line":30,"column":15},"end":{"line":30,"column":32}},"6":{"start":{"line":32,"column":6},"end":{"line":32,"column":27}},"7":{"start":{"line":33,"column":6},"end":{"line":33,"column":13}},"8":{"start":{"line":38,"column":0},"end":{"line":46,"column":2}},"9":{"start":{"line":39,"column":2},"end":{"line":39,"column":76}},"10":{"start":{"line":39,"column":17},"end":{"line":39,"column":76}},"11":{"start":{"line":40,"column":2},"end":{"line":45,"column":3}},"12":{"start":{"line":41,"column":19},"end":{"line":41,"column":64}},"13":{"start":{"line":42,"column":4},"end":{"line":42,"column":18}},"14":{"start":{"line":44,"column":4},"end":{"line":44,"column":71}},"15":{"start":{"line":48,"column":0},"end":{"line":58,"column":2}},"16":{"start":{"line":49,"column":2},"end":{"line":49,"column":47}},"17":{"start":{"line":49,"column":14},"end":{"line":49,"column":47}},"18":{"start":{"line":50,"column":2},"end":{"line":57,"column":3}},"19":{"start":{"line":51,"column":17},"end":{"line":51,"column":46}},"20":{"start":{"line":52,"column":4},"end":{"line":52,"column":27}},"21":{"start":{"line":52,"column":14},"end":{"line":52,"column":27}},"22":{"start":{"line":53,"column":4},"end":{"line":53,"column":16}},"23":{"start":{"line":55,"column":4},"end":{"line":55,"column":73}},"24":{"start":{"line":56,"column":4},"end":{"line":56,"column":17}},"25":{"start":{"line":60,"column":18},"end":{"line":60,"column":48}}},"fnMap":{"0":{"name":"(anonymous_0)","decl":{"start":{"line":27,"column":19},"end":{"line":27,"column":20}},"loc":{"start":{"line":27,"column":35},"end":{"line":36,"column":1}},"line":27},"1":{"name":"(anonymous_1)","decl":{"start":{"line":29,"column":35},"end":{"line":29,"column":36}},"loc":{"start":{"line":29,"column":50},"end":{"line":34,"column":5}},"line":29},"2":{"name":"(anonymous_2)","decl":{"start":{"line":38,"column":33},"end":{"line":38,"column":34}},"loc":{"start":{"line":38,"column":59},"end":{"line":46,"column":1}},"line":38},"3":{"name":"(anonymous_3)","decl":{"start":{"line":48,"column":34},"end":{"line":48,"column":35}},"loc":{"start":{"line":48,"column":57},"end":{"line":58,"column":1}},"line":48}},"branchMap":{"0":{"loc":{"start":{"line":28,"column":2},"end":{"line":35,"column":3}},"type":"if","locations":[{"start":{"line":28,"column":2},"end":{"line":35,"column":3}},{"start":{},"end":{}}],"line":28},"1":{"loc":{"start":{"line":30,"column":6},"end":{"line":30,"column":32}},"type":"if","locations":[{"start":{"line":30,"column":6},"end":{"line":30,"column":32}},{"start":{},"end":{}}],"line":30},"2":{"loc":{"start":{"line":39,"column":2},"end":{"line":39,"column":76}},"type":"if","locations":[{"start":{"line":39,"column":2},"end":{"line":39,"column":76}},{"start":{},"end":{}}],"line":39},"3":{"loc":{"start":{"line":49,"column":2},"end":{"line":49,"column":47}},"type":"if","locations":[{"start":{"line":49,"column":2},"end":{"line":49,"column":47}},{"start":{},"end":{}}],"line":49},"4":{"loc":{"start":{"line":52,"column":4},"end":{"line":52,"column":27}},"type":"if","locations":[{"start":{"line":52,"column":4},"end":{"line":52,"column":27}},{"start":{},"end":{}}],"line":52}},"s":{"0":1,"1":1,"2":20,"3":20,"4":20,"5":0,"6":20,"7":20,"8":1,"9":3,"10":0,"11":3,"12":3,"13":3,"14":0,"15":1,"16":0,"17":0,"18":0,"19":0,"20":0,"21":0,"22":0,"23":0,"24":0,"25":1},"f":{"0":20,"1":20,"2":3,"3":0},"b":{"0":[20,0],"1":[0,20],"2":[0,3],"3":[0,0],"4":[0,0]},"_coverageSchema":"1a1c01bbd47fc00a2c39e90264f33305004495a9","hash":"180dce8343fb8fc2a81aa8d6b66d47de4ded0500"}
,"C:\\Users\\Jeanne\\Desktop\\ATLP\\node-endpoints-ft-node-endpoints\\routes\\auth.routes.js": {"path":"C:\\Users\\Jeanne\\Desktop\\ATLP\\node-endpoints-ft-node-endpoints\\routes\\auth.routes.js","statementMap":{"0":{"start":{"line":15,"column":29},"end":{"line":15,"column":37}},"1":{"start":{"line":17,"column":0},"end":{"line":21,"column":2}},"2":{"start":{"line":22,"column":0},"end":{"line":22,"column":72}},"3":{"start":{"line":23,"column":0},"end":{"line":27,"column":2}}},"fnMap":{},"branchMap":{},"s":{"0":1,"1":1,"2":1,"3":1},"f":{},"b":{},"_coverageSchema":"1a1c01bbd47fc00a2c39e90264f33305004495a9","hash":"a6ea1ee473b68aa1fcf8c0c14d0b415651c15c9e"}
,"C:\\Users\\Jeanne\\Desktop\\ATLP\\node-endpoints-ft-node-endpoints\\routes\\blog.routes.js": {"path":"C:\\Users\\Jeanne\\Desktop\\ATLP\\node-endpoints-ft-node-endpoints\\routes\\blog.routes.js","statementMap":{"0":{"start":{"line":24,"column":19},"end":{"line":24,"column":27}},"1":{"start":{"line":25,"column":16},"end":{"line":25,"column":38}},"2":{"start":{"line":26,"column":19},"end":{"line":32,"column":1}},"3":{"start":{"line":27,"column":2},"end":{"line":31,"column":3}},"4":{"start":{"line":28,"column":4},"end":{"line":28,"column":19}},"5":{"start":{"line":30,"column":4},"end":{"line":30,"column":36}},"6":{"start":{"line":33,"column":16},"end":{"line":33,"column":47}},"7":{"start":{"line":35,"column":0},"end":{"line":35,"column":38}},"8":{"start":{"line":36,"column":0},"end":{"line":40,"column":2}},"9":{"start":{"line":41,"column":0},"end":{"line":41,"column":40}},"10":{"start":{"line":42,"column":0},"end":{"line":46,"column":2}},"11":{"start":{"line":47,"column":0},"end":{"line":47,"column":67}},"12":{"start":{"line":48,"column":0},"end":{"line":52,"column":2}},"13":{"start":{"line":53,"column":0},"end":{"line":53,"column":51}},"14":{"start":{"line":54,"column":0},"end":{"line":54,"column":54}},"15":{"start":{"line":55,"column":0},"end":{"line":55,"column":49}}},"fnMap":{"0":{"name":"(anonymous_0)","decl":{"start":{"line":26,"column":19},"end":{"line":26,"column":20}},"loc":{"start":{"line":26,"column":38},"end":{"line":32,"column":1}},"line":26}},"branchMap":{"0":{"loc":{"start":{"line":27,"column":2},"end":{"line":31,"column":3}},"type":"if","locations":[{"start":{"line":27,"column":2},"end":{"line":31,"column":3}},{"start":{"line":29,"column":9},"end":{"line":31,"column":3}}],"line":27}},"s":{"0":1,"1":1,"2":1,"3":0,"4":0,"5":0,"6":1,"7":1,"8":1,"9":1,"10":1,"11":1,"12":1,"13":1,"14":1,"15":1},"f":{"0":0},"b":{"0":[0,0]},"_coverageSchema":"1a1c01bbd47fc00a2c39e90264f33305004495a9","hash":"2269e48b670e36de760cf5e4d88069a225dc4a4b"}
,"C:\\Users\\Jeanne\\Desktop\\ATLP\\node-endpoints-ft-node-endpoints\\routes\\queries.routes.js": {"path":"C:\\Users\\Jeanne\\Desktop\\ATLP\\node-endpoints-ft-node-endpoints\\routes\\queries.routes.js","statementMap":{"0":{"start":{"line":9,"column":20},"end":{"line":9,"column":28}},"1":{"start":{"line":11,"column":0},"end":{"line":11,"column":66}},"2":{"start":{"line":12,"column":0},"end":{"line":12,"column":65}}},"fnMap":{},"branchMap":{},"s":{"0":1,"1":1,"2":1},"f":{},"b":{},"_coverageSchema":"1a1c01bbd47fc00a2c39e90264f33305004495a9","hash":"f554c2d5fdc12a0e70d954d5172ebe15a2333b3f"}
,"C:\\Users\\Jeanne\\Desktop\\ATLP\\node-endpoints-ft-node-endpoints\\services\\auth.service.js": {"path":"C:\\Users\\Jeanne\\Desktop\\ATLP\\node-endpoints-ft-node-endpoints\\services\\auth.service.js","statementMap":{"0":{"start":{"line":3,"column":27},"end":{"line":6,"column":1}},"1":{"start":{"line":4,"column":29},"end":{"line":4,"column":70}},"2":{"start":{"line":5,"column":2},"end":{"line":5,"column":28}},"3":{"start":{"line":8,"column":29},"end":{"line":21,"column":1}},"4":{"start":{"line":9,"column":31},"end":{"line":13,"column":4}},"5":{"start":{"line":14,"column":2},"end":{"line":14,"column":36}},"6":{"start":{"line":15,"column":19},"end":{"line":18,"column":3}},"7":{"start":{"line":20,"column":2},"end":{"line":20,"column":18}},"8":{"start":{"line":23,"column":27},"end":{"line":26,"column":1}},"9":{"start":{"line":24,"column":26},"end":{"line":24,"column":48}},"10":{"start":{"line":25,"column":2},"end":{"line":25,"column":25}}},"fnMap":{"0":{"name":"(anonymous_0)","decl":{"start":{"line":3,"column":27},"end":{"line":3,"column":28}},"loc":{"start":{"line":3,"column":44},"end":{"line":6,"column":1}},"line":3},"1":{"name":"(anonymous_1)","decl":{"start":{"line":8,"column":29},"end":{"line":8,"column":30}},"loc":{"start":{"line":8,"column":66},"end":{"line":21,"column":1}},"line":8},"2":{"name":"(anonymous_2)","decl":{"start":{"line":23,"column":27},"end":{"line":23,"column":28}},"loc":{"start":{"line":23,"column":39},"end":{"line":26,"column":1}},"line":23}},"branchMap":{},"s":{"0":1,"1":6,"2":6,"3":1,"4":0,"5":0,"6":0,"7":0,"8":1,"9":0,"10":0},"f":{"0":6,"1":0,"2":0},"b":{},"_coverageSchema":"1a1c01bbd47fc00a2c39e90264f33305004495a9","hash":"aee23302d69017a09b0b931dad3d61da373fbffa"}
}
