TN:
SF:index.js
FN:32,(anonymous_0)
FN:39,(anonymous_1)
FN:48,(anonymous_2)
FN:51,(anonymous_3)
FNF:4
FNH:0
FNDA:0,(anonymous_0)
FNDA:0,(anonymous_1)
FNDA:0,(anonymous_2)
FNDA:0,(anonymous_3)
DA:10,1
DA:11,1
DA:12,1
DA:17,1
DA:25,1
DA:26,1
DA:27,1
DA:28,1
DA:29,1
DA:30,1
DA:31,1
DA:32,1
DA:33,0
DA:39,1
DA:40,0
DA:42,1
DA:43,0
DA:44,0
DA:49,0
DA:52,0
LF:20
LH:14
BRDA:10,0,0,1
BRDA:10,0,1,1
BRDA:42,1,0,0
BRDA:42,1,1,1
BRF:4
BRH:3
end_of_record
TN:
SF:cloudinary\imageUpload.js
FNF:0
FNH:0
DA:3,1
DA:5,1
LF:2
LH:2
BRF:0
BRH:0
end_of_record
TN:
SF:configuration\passport.js
FN:7,(anonymous_0)
FN:15,(anonymous_1)
FN:25,(anonymous_2)
FN:30,(anonymous_3)
FNF:4
FNH:2
FNDA:1,(anonymous_0)
FNDA:3,(anonymous_1)
FNDA:0,(anonymous_2)
FNDA:0,(anonymous_3)
DA:3,1
DA:7,1
DA:8,1
DA:16,3
DA:17,3
DA:19,3
DA:20,3
DA:22,3
DA:26,0
DA:30,1
DA:31,0
DA:32,0
DA:33,0
DA:35,0
LF:14
LH:9
BRDA:17,0,0,0
BRDA:17,0,1,3
BRDA:20,1,0,0
BRDA:20,1,1,3
BRF:4
BRH:2
end_of_record
TN:
SF:controllers\authControllers.js
FN:9,(anonymous_0)
FN:29,(anonymous_1)
FN:40,(anonymous_2)
FNF:3
FNH:1
FNDA:0,(anonymous_0)
FNDA:0,(anonymous_1)
FNDA:3,(anonymous_2)
DA:9,1
DA:10,0
DA:12,0
DA:13,0
DA:14,0
DA:15,0
DA:19,0
DA:21,0
DA:23,0
DA:29,1
DA:30,0
DA:31,0
DA:32,0
DA:34,0
DA:40,1
DA:41,3
DA:42,3
DA:43,3
DA:44,3
DA:45,0
DA:51,3
DA:52,3
DA:53,0
DA:59,3
DA:65,3
DA:68,3
DA:69,3
DA:73,0
LF:28
LH:13
BRDA:14,0,0,0
BRDA:14,0,1,0
BRDA:44,1,0,0
BRDA:44,1,1,3
BRDA:52,2,0,0
BRDA:52,2,1,3
BRF:6
BRH:2
end_of_record
TN:
SF:controllers\blogControllers.js
FN:4,(anonymous_0)
FN:9,(anonymous_1)
FN:37,(anonymous_2)
FN:49,(anonymous_3)
FN:81,(anonymous_4)
FN:104,(anonymous_5)
FN:133,(anonymous_6)
FN:151,(anonymous_7)
FN:157,(anonymous_8)
FN:162,(anonymous_9)
FN:182,(anonymous_10)
FNF:11
FNH:5
FNDA:3,(anonymous_0)
FNDA:0,(anonymous_1)
FNDA:0,(anonymous_2)
FNDA:1,(anonymous_3)
FNDA:1,(anonymous_4)
FNDA:1,(anonymous_5)
FNDA:0,(anonymous_6)
FNDA:0,(anonymous_7)
FNDA:0,(anonymous_8)
FNDA:0,(anonymous_9)
FNDA:1,(anonymous_10)
DA:4,1
DA:5,3
DA:6,2
DA:9,1
DA:10,0
DA:11,0
DA:12,0
DA:13,0
DA:14,0
DA:18,0
DA:19,0
DA:22,0
DA:28,0
DA:33,0
DA:37,1
DA:38,0
DA:39,0
DA:41,0
DA:43,0
DA:49,1
DA:50,1
DA:51,1
DA:53,1
DA:54,1
DA:56,1
DA:57,1
DA:59,1
DA:60,0
DA:61,0
DA:65,0
DA:67,1
DA:68,1
DA:75,0
DA:81,1
DA:82,1
DA:83,1
DA:84,0
DA:85,0
DA:91,0
DA:96,1
DA:104,1
DA:105,1
DA:106,1
DA:113,1
DA:117,1
DA:118,1
DA:125,0
DA:133,1
DA:134,0
DA:135,0
DA:144,0
DA:146,0
DA:151,1
DA:152,0
DA:153,0
DA:156,0
DA:157,0
DA:160,0
DA:161,0
DA:162,0
DA:165,0
DA:170,0
DA:171,0
DA:177,0
DA:182,1
DA:183,1
DA:184,1
DA:186,0
DA:192,1
LF:69
LH:31
BRDA:13,0,0,0
BRDA:13,0,1,0
BRDA:53,1,0,1
BRDA:53,1,1,0
BRDA:56,2,0,1
BRDA:56,2,1,0
BRDA:59,3,0,0
BRDA:59,3,1,1
BRDA:84,4,0,0
BRDA:84,4,1,0
BRDA:160,5,0,0
BRDA:160,5,1,0
BRF:12
BRH:3
end_of_record
TN:
SF:controllers\queryControllers.js
FN:3,(anonymous_0)
FN:8,(anonymous_1)
FNF:2
FNH:0
FNDA:0,(anonymous_0)
FNDA:0,(anonymous_1)
DA:3,1
DA:4,0
DA:5,0
DA:8,1
DA:9,0
DA:14,0
DA:15,0
LF:7
LH:2
BRF:0
BRH:0
end_of_record
TN:
SF:middleware\authentication\middlewareAuth.js
FN:4,(anonymous_0)
FN:36,(anonymous_1)
FNF:2
FNH:2
FNDA:5,(anonymous_0)
FNDA:2,(anonymous_1)
DA:4,1
DA:5,5
DA:6,3
DA:7,3
DA:8,3
DA:10,3
DA:11,3
DA:12,0
DA:18,3
DA:19,3
DA:22,0
DA:29,2
DA:36,1
DA:37,2
DA:38,2
DA:39,2
DA:41,0
DA:48,0
LF:18
LH:14
BRDA:5,0,0,3
BRDA:5,0,1,2
BRDA:11,1,0,0
BRDA:11,1,1,3
BRDA:38,2,0,2
BRDA:38,2,1,0
BRF:6
BRH:4
end_of_record
TN:
SF:middleware\validation\middlewareValidations.js
FN:1,(anonymous_0)
FN:1,(anonymous_1)
FNF:2
FNH:2
FNDA:4,(anonymous_0)
FNDA:1,(anonymous_1)
DA:1,4
DA:2,1
DA:3,1
DA:4,0
DA:6,1
LF:5
LH:4
BRDA:3,0,0,0
BRDA:3,0,1,1
BRF:2
BRH:1
end_of_record
TN:
SF:middleware\validation\validation.js
FNF:0
FNH:0
DA:3,1
DA:7,1
DA:12,1
DA:17,1
LF:4
LH:4
BRF:0
BRH:0
end_of_record
TN:
SF:models\blogModels.js
FNF:0
FNH:0
DA:5,1
DA:27,1
LF:2
LH:2
BRF:0
BRH:0
end_of_record
TN:
SF:models\commentModels.js
FNF:0
FNH:0
DA:3,1
LF:1
LH:1
BRF:0
BRH:0
end_of_record
TN:
SF:models\likeModels.js
FNF:0
FNH:0
DA:3,1
LF:1
LH:1
BRF:0
BRH:0
end_of_record
TN:
SF:models\queryModels.js
FNF:0
FNH:0
DA:3,1
DA:23,1
LF:2
LH:2
BRF:0
BRH:0
end_of_record
TN:
SF:models\userModels.js
FN:27,(anonymous_0)
FN:29,(anonymous_1)
FN:38,(anonymous_2)
FN:48,(anonymous_3)
FNF:4
FNH:3
FNDA:20,(anonymous_0)
FNDA:20,(anonymous_1)
FNDA:3,(anonymous_2)
FNDA:0,(anonymous_3)
DA:4,1
DA:27,1
DA:28,20
DA:29,20
DA:30,20
DA:32,20
DA:33,20
DA:38,1
DA:39,3
DA:40,3
DA:41,3
DA:42,3
DA:44,0
DA:48,1
DA:49,0
DA:50,0
DA:51,0
DA:52,0
DA:53,0
DA:55,0
DA:56,0
DA:60,1
LF:22
LH:14
BRDA:28,0,0,20
BRDA:28,0,1,0
BRDA:30,1,0,0
BRDA:30,1,1,20
BRDA:39,2,0,0
BRDA:39,2,1,3
BRDA:49,3,0,0
BRDA:49,3,1,0
BRDA:52,4,0,0
BRDA:52,4,1,0
BRF:10
BRH:3
end_of_record
TN:
SF:routes\authRoutes.js
FNF:0
FNH:0
DA:15,1
DA:17,1
DA:22,1
DA:23,1
LF:4
LH:4
BRF:0
BRH:0
end_of_record
TN:
SF:routes\blogRoutes.js
FN:26,(anonymous_0)
FNF:1
FNH:0
FNDA:0,(anonymous_0)
DA:24,1
DA:25,1
DA:26,1
DA:27,0
DA:28,0
DA:30,0
DA:33,1
DA:35,1
DA:36,1
DA:41,1
DA:42,1
DA:47,1
DA:48,1
DA:53,1
DA:54,1
DA:55,1
LF:16
LH:13
BRDA:27,0,0,0
BRDA:27,0,1,0
BRF:2
BRH:0
end_of_record
TN:
SF:routes\queryRoutes.js
FNF:0
FNH:0
DA:9,1
DA:11,1
DA:12,1
LF:3
LH:3
BRF:0
BRH:0
end_of_record
TN:
SF:users\authUsers.js
FN:3,(anonymous_0)
FN:8,(anonymous_1)
FN:23,(anonymous_2)
FNF:3
FNH:1
FNDA:6,(anonymous_0)
FNDA:0,(anonymous_1)
FNDA:0,(anonymous_2)
DA:3,1
DA:4,6
DA:5,6
DA:8,1
DA:9,0
DA:14,0
DA:15,0
DA:20,0
DA:23,1
DA:24,0
DA:25,0
LF:11
LH:5
BRF:0
BRH:0
end_of_record
